app/build/intermediates/manifest_merge_blame_file/debug/manifest-merger-blame-debug-report.txt
1<?xml version="1.0" encoding="utf-8"?>
2<manifest xmlns:android="http://schemas.android.com/apk/res/android"
3    package="com.example.blecall"
4    android:versionCode="1"
5    android:versionName="1.0" >
6
7    <uses-sdk
8        android:minSdkVersion="26"
9        android:targetSdkVersion="34" />
10
11    <uses-permission android:name="android.permission.BLUETOOTH_ADVERTISE" />
11-->src/main/AndroidManifest.xml:3:1-73
11-->src/main/AndroidManifest.xml:3:18-71
12    <uses-permission android:name="android.permission.BLUETOOTH_CONNECT" />
12-->src/main/AndroidManifest.xml:4:1-71
12-->src/main/AndroidManifest.xml:4:18-69
13
14    <application
14-->src/main/AndroidManifest.xml:6:5-27:19
15        android:debuggable="true"
16        android:extractNativeLibs="false"
17        android:label="BLE Call Notifier" >
17-->src/main/AndroidManifest.xml:6:18-51
18        <activity
18-->src/main/AndroidManifest.xml:7:9-16:20
19            android:name="com.example.blecall.MainActivity"
19-->src/main/AndroidManifest.xml:8:13-41
20            android:exported="true" >
20-->src/main/AndroidManifest.xml:9:13-36
21            <intent-filter>
21-->src/main/AndroidManifest.xml:11:13-14:29
22                <action android:name="android.intent.action.MAIN" />
22-->src/main/AndroidManifest.xml:12:17-68
22-->src/main/AndroidManifest.xml:12:25-66
23
24                <category android:name="android.intent.category.LAUNCHER" />
24-->src/main/AndroidManifest.xml:13:17-76
24-->src/main/AndroidManifest.xml:13:27-74
25            </intent-filter>
26        </activity>
27
28        <service
28-->src/main/AndroidManifest.xml:17:1-26:11
29            android:name="com.example.blecall.CallNotificationService"
29-->src/main/AndroidManifest.xml:18:5-44
30            android:exported="true"
30-->src/main/AndroidManifest.xml:20:5-28
31            android:permission="android.permission.BIND_NOTIFICATION_LISTENER_SERVICE" >
31-->src/main/AndroidManifest.xml:19:5-79
32            <intent-filter>
32-->src/main/AndroidManifest.xml:22:5-24:21
33                <action android:name="android.service.notification.NotificationListenerService" />
33-->src/main/AndroidManifest.xml:23:9-90
33-->src/main/AndroidManifest.xml:23:17-88
34            </intent-filter>
35        </service>
36    </application>
37
38</manifest>